
ROM used:   642/8192 (8%)
            642/8192 (8%) including unused fragments

            0.6 Average locations per line
            5.8 Average locations per statement

RAM used:   9/368 (2%) at main() level
            24/368 (7%) worst case

Stack used: 4 worst case (4 in main + 0 for interrupts)
Stack size: 8

Lines Stmts  %   Files
----- ----- ---  -----
   62    27  24  Pic16f877 ve HCSR04 ile Mesafe Olcme.c
  642     0   0  ..\..\..\..\..\Program Files (x86)\PICC\Devices\16f877.h
  456    84  76  ..\..\..\..\..\Program Files (x86)\PICC\Drivers\lcd.c
----- -----
 1160   111 Total

Page ROM  %  RAM    Vol Diff  Functions:
---- --- --- ---    --- ----  ----------
0     21   3    1             @delay_ms1
 Inline         3    596  5.9  lcd_read_byte
0      6   1    0     59  4.2  lcd_read_nibble
0     12   2    1    179  3.3  lcd_send_nibble
0     64  10    3    460  4.7  lcd_send_byte
0     62  10    6    814  7.2  lcd_init
0     18   3    4    208  6.3  lcd_gotoxy
0     44   7    1    354  4.7  lcd_putc
0    108  17    1    678  5.2  MAIN
0      8   1    0             @const634
0     88  14    4             @PSTRINGC7_615
0      8   1    0             @const639
0     89  14    5             @PSTRINGCN7_615
0     21   3    3             @DIV88
0     89  14    6             @PRINTF_D_615
 Inline         0             @cinit1

Program metrics:
    Functions               8
    Statements              111
    Comments                216
    Volume (V)              5046
    Difficulty (D)          39.3
    Effort to implement (E) 198284
    Time to implement (T)   3 hours, 4 minutes
    Est Delivered Bugs (B)  1
    Cyclomatic Complexity   9
    Maintainability (MI)    144

 Segment     Used  Free
-----------  ----  ----
00000-00003     4  0  
00004-007FF   638  1406  
00800-00FFF     0  2048  
01000-017FF     0  2048  
01800-01FFF     0  2048  



